<?xml version="1.0" encoding="UTF-8"?>
<!-- Generated by org.testng.reporters.JUnitReportReporter -->
<testsuite hostname="DESKTOP-0JKPS7C" failures="0" tests="1" name="com.inetbanking.testCases.TC_LoginDDT_002" time="4.061" errors="0" timestamp="18 May 2020 18:16:40 GMT" skipped="0">
  <testcase classname="com.inetbanking.testCases.TC_LoginDDT_002" name="logindDDT" time="4.061"/>
</testsuite> <!-- com.inetbanking.testCases.TC_LoginDDT_002 -->
