<?xml version="1.0" encoding="UTF-8"?>
<!-- Generated by org.testng.reporters.JUnitReportReporter -->
<testsuite hostname="DESKTOP-0JKPS7C" failures="0" tests="1" name="com.inetbanking.testCases.TC_LoginTest_001" time="48.716" errors="0" timestamp="24 May 2020 05:17:28 GMT" skipped="0">
  <testcase classname="com.inetbanking.testCases.TC_LoginTest_001" name="loginTest" time="48.716"/>
</testsuite> <!-- com.inetbanking.testCases.TC_LoginTest_001 -->
